Fri, 15 Jan 2021 10:10:56 -0500:Email not found in form login, class user.php<br>
Fri, 15 Jan 2021 10:13:12 -0500:Password not found in form login, class user.php<br><br>
Fri, 15 Jan 2021 11:12:33 -0500:Password not found in form register, class user.php<br><br>
Fri, 15 Jan 2021 11:42:20 -0500:Email not found in form login, class user.php<br>
Fri, 15 Jan 2021 11:42:21 -0500:Email not found in form login, class user.php<br>
Fri, 15 Jan 2021 11:42:56 -0500:Email not found in form login, class user.php<br>
Fri, 15 Jan 2021 11:43:16 -0500:Email not found in form login, class user.php<br>
Fri, 15 Jan 2021 11:46:07 -0500:Email not found in form login, class user.php<br>
Fri, 15 Jan 2021 11:58:42 -0500:Email not found in form login, class user.php<br>
Fri, 15 Jan 2021 11:58:44 -0500:Email not found in form login, class user.php<br>
Fri, 15 Jan 2021 14:01:45 -0500:Email not found in form login, class user.php<br>
Sat, 16 Jan 2021 13:09:47 -0500:Invalid op code in index.php<br>
Sat, 16 Jan 2021 13:33:39 -0500:Email not found in form login, class user.php<br>
Sat, 16 Jan 2021 14:11:51 -0500:Invalid op code in index.php<br>
Sat, 16 Jan 2021 14:23:18 -0500:You have not authorized user to add new product<br>
Sat, 16 Jan 2021 14:23:25 -0500:You have not authorized user to add new product<br>
Sat, 16 Jan 2021 14:26:03 -0500:You have not authorized user to add new product<br>
Sat, 16 Jan 2021 14:29:52 -0500:You have not authorized user to add new product<br>
Sat, 16 Jan 2021 14:35:06 -0500:You have not authorized user to add new product<br>
Sat, 16 Jan 2021 14:36:26 -0500:Please select a valid product<br>
Sat, 16 Jan 2021 14:37:17 -0500:Please select a valid product<br>
Sat, 16 Jan 2021 15:03:37 -0500:Invalid op code in index.php<br>
<<<<<<< HEAD
Tue, 19 Jan 2021 15:19:43 +0000:Email not found in form login, class user.php<br>
=======
Mon, 18 Jan 2021 18:02:16 -0500:Product id not found<br>
Mon, 18 Jan 2021 18:03:13 -0500:Product id not found<br>
Mon, 18 Jan 2021 18:08:54 -0500:Product id not found<br>
Mon, 18 Jan 2021 18:09:29 -0500:Product id not found<br>
Mon, 18 Jan 2021 18:11:27 -0500:Product id not found<br>
Mon, 18 Jan 2021 18:20:51 -0500:Product name not found in form update, class product.php<br>
Mon, 18 Jan 2021 19:58:07 -0500:Invalid op code in index.php<br>
Mon, 18 Jan 2021 20:18:53 -0500:Invalid op code in index.php<br>
Mon, 18 Jan 2021 20:21:24 -0500:Invalid op code in index.php<br>
Mon, 18 Jan 2021 20:47:24 -0500:Invalid op code in index.php<br>
>>>>>>> 60bf4f5e36fadf7a1ef746d0d0e3c9f68f78819d
Tue, 19 Jan 2021 23:14:32 -0500:Email not found in form login, class user.php<br>
Fri, 22 Jan 2021 11:02:27 -0500:Email not found in form login, class user.php<br>
<<<<<<< Updated upstream
Fri, 22 Jan 2021 13:52:48 -0500:Product id not found<br>
Fri, 22 Jan 2021 14:00:13 -0500:Product id not found<br>
Fri, 22 Jan 2021 14:06:59 -0500:Invalid op code in index.php<br>
=======
Fri, 22 Jan 2021 15:43:28 -0500:Invalid op code in index.php<br>
>>>>>>> Stashed changes
Sat, 23 Jan 2021 14:08:13 -0500:Invalid op code in index.php<br>
Tue, 26 Jan 2021 11:02:13 -0500:Please select a valid product<br>
Tue, 26 Jan 2021 11:22:11 -0500:Full name not found<br>
Tue, 26 Jan 2021 11:24:30 -0500:last name not found<br>
Tue, 26 Jan 2021 11:41:07 -0500:last name not found<br>
Thu, 28 Jan 2021 14:05:51 -0500:Full name not found<br>
Thu, 28 Jan 2021 14:11:16 -0500:Full name not found<br>
Thu, 28 Jan 2021 14:16:00 -0500:Full name not found<br>
Thu, 28 Jan 2021 14:29:52 -0500:Full name not found<br>
Thu, 28 Jan 2021 14:50:15 -0500:Invalid op code in index.php<br>
Thu, 28 Jan 2021 14:50:19 -0500:Invalid op code in index.php<br>
